<?xml version="1.0" encoding="UTF-8"?>
<!-- Generated by org.testng.reporters.JUnitReportReporter -->
<testsuite hostname="LAPTOP-O7MKIM47" failures="0" tests="1" name="testCases.TC_001_AccountRegistrationTest" time="4.168" errors="0" timestamp="2024-12-04T16:38:52 IST" skipped="0">
  <testcase classname="testCases.TC_001_AccountRegistrationTest" name="verify_account_registration" time="4.168"/>
</testsuite> <!-- testCases.TC_001_AccountRegistrationTest -->
