<?xml version="1.0" encoding="UTF-8"?>
<!-- Generated by org.testng.reporters.JUnitReportReporter -->
<testsuite hostname="LAPTOP-O7MKIM47" failures="0" tests="1" name="testCases.TC_002_LoginTest" time="3.655" errors="0" timestamp="2024-12-05T14:03:31 IST" skipped="0">
  <testcase classname="testCases.TC_002_LoginTest" name="verify_Login" time="3.655"/>
</testsuite> <!-- testCases.TC_002_LoginTest -->
