<?xml version="1.0" encoding="UTF-8"?>
<!-- Generated by org.testng.reporters.JUnitReportReporter -->
<testsuite hostname="LAPTOP-O7MKIM47" failures="0" tests="1" name="testCases.TC_001_AccountRegistrationTest" time="6.604" errors="0" timestamp="2024-12-05T14:03:31 IST" skipped="0">
  <testcase classname="testCases.TC_001_AccountRegistrationTest" name="verify_account_registration" time="6.604"/>
</testsuite> <!-- testCases.TC_001_AccountRegistrationTest -->
